SlimFacebook/app/build/outputs/logs/manifest-merger-release-report.txt
-- Merging decision tree log ---
manifest
ADDED from src\main\AndroidManifest.xml:7:1-75:12
	xmlns:android
		ADDED from src\main\AndroidManifest.xml:7:11-69
	package
		ADDED from src\main\AndroidManifest.xml:8:5-44
		INJECTED from src\main\AndroidManifest.xml
		INJECTED from src\main\AndroidManifest.xml
	android:versionName
		INJECTED from src\main\AndroidManifest.xml
		INJECTED from src\main\AndroidManifest.xml
	android:versionCode
		INJECTED from src\main\AndroidManifest.xml
		INJECTED from src\main\AndroidManifest.xml
uses-permission#android.permission.INTERNET
ADDED from src\main\AndroidManifest.xml:11:5-67
	android:name
		ADDED from src\main\AndroidManifest.xml:11:22-64
application
ADDED from src\main\AndroidManifest.xml:14:5-73:19
MERGED from [com.android.support:appcompat-v7:23.1.0] AndroidManifest.xml:22:5-20
MERGED from [com.android.support:support-v4:23.1.0] AndroidManifest.xml:22:5-20
	android:label
		ADDED from src\main\AndroidManifest.xml:19:9-41
	android:allowBackup
		ADDED from src\main\AndroidManifest.xml:15:9-35
	android:icon
		ADDED from src\main\AndroidManifest.xml:17:9-43
	android:theme
		ADDED from src\main\AndroidManifest.xml:20:9-49
	android:hardwareAccelerated
		ADDED from src\main\AndroidManifest.xml:16:9-43
	android:versionName
		ADDED from src\main\AndroidManifest.xml:23:9-34
	android:versionCode
		ADDED from src\main\AndroidManifest.xml:22:9-32
activity#it.rignanese.leo.slimfacebook.MainActivity
ADDED from src\main\AndroidManifest.xml:24:9-48:20
	android:label
		ADDED from src\main\AndroidManifest.xml:26:13-45
	android:configChanges
		ADDED from src\main\AndroidManifest.xml:27:13-122
	android:name
		ADDED from src\main\AndroidManifest.xml:25:13-41
intent-filter#android.intent.action.MAIN+android.intent.category.LAUNCHER+android.intent.category.MULTIWINDOW_LAUNCHER
ADDED from src\main\AndroidManifest.xml:29:13-36:29
action#android.intent.action.MAIN
ADDED from src\main\AndroidManifest.xml:30:17-69
	android:name
		ADDED from src\main\AndroidManifest.xml:30:25-66
category#android.intent.category.LAUNCHER
ADDED from src\main\AndroidManifest.xml:32:17-77
	android:name
		ADDED from src\main\AndroidManifest.xml:32:27-74
category#android.intent.category.MULTIWINDOW_LAUNCHER
ADDED from src\main\AndroidManifest.xml:35:17-89
	android:name
		ADDED from src\main\AndroidManifest.xml:35:27-86
intent-filter#android.intent.action.VIEW+android.intent.category.BROWSABLE+android.intent.category.DEFAULT
ADDED from src\main\AndroidManifest.xml:38:13-47:29
action#android.intent.action.VIEW
ADDED from src\main\AndroidManifest.xml:39:17-69
	android:name
		ADDED from src\main\AndroidManifest.xml:39:25-66
category#android.intent.category.DEFAULT
ADDED from src\main\AndroidManifest.xml:41:17-76
	android:name
		ADDED from src\main\AndroidManifest.xml:41:27-73
category#android.intent.category.BROWSABLE
ADDED from src\main\AndroidManifest.xml:42:17-78
	android:name
		ADDED from src\main\AndroidManifest.xml:42:27-75
data
ADDED from src\main\AndroidManifest.xml:44:17-46:46
	android:host
		ADDED from src\main\AndroidManifest.xml:45:21-50
	android:scheme
		ADDED from src\main\AndroidManifest.xml:46:21-43
uses-library#com.sec.android.app.multiwindow
ADDED from src\main\AndroidManifest.xml:51:9-53:53
	android:required
		ADDED from src\main\AndroidManifest.xml:53:13-37
	android:name
		ADDED from src\main\AndroidManifest.xml:52:13-59
meta-data#com.sec.android.support.multiwindow
ADDED from src\main\AndroidManifest.xml:56:9-58:36
	android:name
		ADDED from src\main\AndroidManifest.xml:57:13-63
	android:value
		ADDED from src\main\AndroidManifest.xml:58:13-33
meta-data#com.sec.android.multiwindow.DEFAULT_SIZE_W
ADDED from src\main\AndroidManifest.xml:61:9-63:59
	android:resource
		ADDED from src\main\AndroidManifest.xml:63:13-56
	android:name
		ADDED from src\main\AndroidManifest.xml:62:13-70
meta-data#com.sec.android.multiwindow.DEFAULT_SIZE_H
ADDED from src\main\AndroidManifest.xml:64:9-66:59
	android:resource
		ADDED from src\main\AndroidManifest.xml:66:13-56
	android:name
		ADDED from src\main\AndroidManifest.xml:65:13-70
meta-data#com.sec.android.multiwindow.MINIMUM_SIZE_W
ADDED from src\main\AndroidManifest.xml:67:9-69:59
	android:resource
		ADDED from src\main\AndroidManifest.xml:69:13-56
	android:name
		ADDED from src\main\AndroidManifest.xml:68:13-70
meta-data#com.sec.android.multiwindow.MINIMUM_SIZE_H
ADDED from src\main\AndroidManifest.xml:70:9-72:59
	android:resource
		ADDED from src\main\AndroidManifest.xml:72:13-56
	android:name
		ADDED from src\main\AndroidManifest.xml:71:13-70
uses-sdk
INJECTED from src\main\AndroidManifest.xml reason: use-sdk injection requested
MERGED from [com.android.support:appcompat-v7:23.1.0] AndroidManifest.xml:20:5-43
MERGED from [com.android.support:support-v4:23.1.0] AndroidManifest.xml:20:5-43
	android:targetSdkVersion
		INJECTED from src\main\AndroidManifest.xml
		INJECTED from src\main\AndroidManifest.xml
	android:minSdkVersion
		INJECTED from src\main\AndroidManifest.xml
		INJECTED from src\main\AndroidManifest.xml